<?xml version="1.0" encoding="UTF-8"?>
<testsuite xmlns:xsi="http://www.w3.org/2001/XMLSchema-instance" xsi:noNamespaceSchemaLocation="https://maven.apache.org/surefire/maven-surefire-plugin/xsd/surefire-test-report-3.0.xsd" version="3.0" name="com.carddemo.authorization.service.fraud.FraudServiceTest" time="2.192" tests="3" errors="0" skipped="0" failures="0">
  <properties>
[...]
</properties>
  <testcase name="repeatedToggleNeverDuplicatesFraudRow" classname="com.carddemo.authorization.service.fraud.FraudServiceTest" time="0.48">
    <system-out><![CDATA[Standard Commons Logging discovery in action with spring-jcl: please remove commons-logging.jar from classpath in order to avoid potential conflicts
15:55:05.285 [main] INFO org.springframework.test.context.support.AnnotationConfigContextLoaderUtils -- Could not detect default configuration classes for test class [com.carddemo.authorization.service.fraud.FraudServiceTest]: FraudServiceTest does not declare any static, non-private, non-final, nested classes annotated with @Configuration.
15:55:05.353 [main] INFO org.springframework.boot.test.context.SpringBootTestContextBootstrapper -- Found @SpringBootConfiguration com.carddemo.authorization.AuthorizationApplication for test class com.carddemo.authorization.service.fraud.FraudServiceTest

  .   ____          _            __ _ _
 /\\ / ___'_ __ _ _(_)_ __  __ _ \ \ \ \
( ( )\___ | '_ | '_| | '_ \/ _` | \ \ \ \
 \\/  ___)| |_)| | | | | || (_| |  ) ) ) )
  '  |____| .__|_| |_|_| |_\__, | / / / /
 =========|_|==============|___/=/_/_/_/
 :: Spring Boot ::                (v3.2.5)

2026-07-13T15:55:05.550Z  WARN 15921 --- [app-authorization-java] [           main] ory$DuplicateJsonObjectContextCustomizer : 

Found multiple occurrences of org.json.JSONObject on the class path:

	jar:file:/home/ubuntu/.m2/repository/org/json/json/20231013/json-20231013.jar!/org/json/JSONObject.class
	jar:file:/home/ubuntu/.m2/repository/com/vaadin/external/google/android-json/0.0.20131108.vaadin1/android-json-0.0.20131108.vaadin1.jar!/org/json/JSONObject.class

You may wish to exclude one of them to ensure predictable runtime behavior

2026-07-13T15:55:05.557Z  INFO 15921 --- [app-authorization-java] [           main] c.c.a.service.fraud.FraudServiceTest     : Starting FraudServiceTest using Java 17.0.19 with PID 15921 (started by ubuntu in /home/ubuntu/repos/aws-mainframe-modernization-carddemo/app/app-authorization-java)
2026-07-13T15:55:05.558Z  INFO 15921 --- [app-authorization-java] [           main] c.c.a.service.fraud.FraudServiceTest     : No active profile set, falling back to 1 default profile: "default"
2026-07-13T15:55:05.743Z  INFO 15921 --- [app-authorization-java] [           main] .s.d.r.c.RepositoryConfigurationDelegate : Bootstrapping Spring Data JPA repositories in DEFAULT mode.
2026-07-13T15:55:05.773Z  INFO 15921 --- [app-authorization-java] [           main] .s.d.r.c.RepositoryConfigurationDelegate : Finished Spring Data repository scanning in 26 ms. Found 3 JPA repository interfaces.
2026-07-13T15:55:05.804Z  INFO 15921 --- [app-authorization-java] [           main] beddedDataSourceBeanFactoryPostProcessor : Replacing 'dataSource' DataSource bean with embedded version
2026-07-13T15:55:05.883Z  INFO 15921 --- [app-authorization-java] [           main] o.s.j.d.e.EmbeddedDatabaseFactory        : Starting embedded database: url='jdbc:h2:mem:23e6a110-2aec-4b0c-9582-0410b4078c90;DB_CLOSE_DELAY=-1;DB_CLOSE_ON_EXIT=false', username='sa'
2026-07-13T15:55:06.015Z  INFO 15921 --- [app-authorization-java] [           main] o.hibernate.jpa.internal.util.LogHelper  : HHH000204: Processing PersistenceUnitInfo [name: default]
2026-07-13T15:55:06.035Z  INFO 15921 --- [app-authorization-java] [           main] org.hibernate.Version                    : HHH000412: Hibernate ORM core version 6.4.4.Final
2026-07-13T15:55:06.049Z  INFO 15921 --- [app-authorization-java] [           main] o.h.c.internal.RegionFactoryInitiator    : HHH000026: Second-level cache disabled
2026-07-13T15:55:06.143Z  INFO 15921 --- [app-authorization-java] [           main] o.s.o.j.p.SpringPersistenceUnitInfo      : No LoadTimeWeaver setup: ignoring JPA class transformer
2026-07-13T15:55:06.650Z  INFO 15921 --- [app-authorization-java] [           main] o.h.e.t.j.p.i.JtaPlatformInitiator       : HHH000489: No JTA platform available (set 'hibernate.transaction.jta.platform' to enable JTA platform integration)
Hibernate: 
    create table authfrds (
        auth_ts timestamp(6) not null,
        card_num varchar(16) not null,
        acct_id bigint,
        acqr_country_code varchar(3),
        approved_amt numeric(12,2),
        auth_fraud varchar(1),
        auth_id_code varchar(6),
        auth_resp_code varchar(2),
        auth_resp_reason varchar(4),
        auth_type varchar(4),
        card_expiry_date varchar(4),
        cust_id bigint,
        fraud_rpt_date date,
        match_status varchar(1),
        merchant_catagory_code varchar(4),
        merchant_city varchar(13),
        merchant_id varchar(15),
        merchant_name varchar(22),
        merchant_state varchar(2),
        merchant_zip varchar(9),
        message_source varchar(6),
        message_type varchar(6),
        pos_entry_mode smallint,
        processing_code varchar(6),
        transaction_amt numeric(12,2),
        transaction_id varchar(15),
        primary key (auth_ts, card_num)
    )
Hibernate: 
    create table pending_auth_detail (
        id bigint generated by default as identity,
        acqr_country_code varchar(3),
        approved_amt numeric(12,2),
        auth_fraud varchar(1),
        auth_id_code varchar(6),
        auth_orig_date varchar(6),
        auth_orig_time varchar(6),
        auth_resp_code varchar(2),
        auth_resp_reason varchar(4),
        auth_ts timestamp(6) not null,
        auth_type varchar(4),
        card_expiry_date varchar(4),
        card_num varchar(16) not null,
        fraud_rpt_date varchar(10),
        match_status varchar(1),
        merchant_category_code varchar(4),
        merchant_city varchar(13),
        merchant_id varchar(15),
        merchant_name varchar(22),
        merchant_state varchar(2),
        merchant_zip varchar(9),
        message_source varchar(6),
        message_type varchar(6),
        pos_entry_mode integer,
        processing_code varchar(6),
        transaction_amt numeric(12,2),
        transaction_id varchar(15),
        acct_id bigint not null,
        primary key (id)
    )
Hibernate: 
    create table pending_auth_summary (
        acct_id bigint not null,
        approved_auth_amt numeric(11,2),
        approved_auth_cnt integer,
        auth_status varchar(1),
        cash_balance numeric(11,2),
        cash_limit numeric(11,2),
        credit_balance numeric(11,2),
        credit_limit numeric(11,2),
        cust_id bigint,
        declined_auth_amt numeric(11,2),
        declined_auth_cnt integer,
        primary key (acct_id)
    )
Hibernate: 
    create index IX_PAUTDTL_ACCT_TS 
       on pending_auth_detail (acct_id, auth_ts desc)
Hibernate: 
    alter table if exists pending_auth_detail 
       add constraint FKt4jig1pfjfre38ws00y9ns2fe 
       foreign key (acct_id) 
       references pending_auth_summary
2026-07-13T15:55:06.683Z  INFO 15921 --- [app-authorization-java] [           main] j.LocalContainerEntityManagerFactoryBean : Initialized JPA EntityManagerFactory for persistence unit 'default'
2026-07-13T15:55:06.876Z  INFO 15921 --- [app-authorization-java] [           main] c.c.a.service.fraud.FraudServiceTest     : Started FraudServiceTest in 1.49 seconds (process running for 2.019)
Hibernate: 
    select
        pas1_0.acct_id,
        pas1_0.approved_auth_amt,
        pas1_0.approved_auth_cnt,
        pas1_0.auth_status,
        pas1_0.cash_balance,
        pas1_0.cash_limit,
        pas1_0.credit_balance,
        pas1_0.credit_limit,
        pas1_0.cust_id,
        pas1_0.declined_auth_amt,
        pas1_0.declined_auth_cnt,
        d1_0.acct_id,
        d1_0.id,
        d1_0.acqr_country_code,
        d1_0.approved_amt,
        d1_0.auth_fraud,
        d1_0.auth_id_code,
        d1_0.auth_orig_date,
        d1_0.auth_orig_time,
        d1_0.auth_resp_code,
        d1_0.auth_resp_reason,
        d1_0.auth_ts,
        d1_0.auth_type,
        d1_0.card_expiry_date,
        d1_0.card_num,
        d1_0.fraud_rpt_date,
        d1_0.match_status,
        d1_0.merchant_category_code,
        d1_0.merchant_city,
        d1_0.merchant_id,
        d1_0.merchant_name,
        d1_0.merchant_state,
        d1_0.merchant_zip,
        d1_0.message_source,
        d1_0.message_type,
        d1_0.pos_entry_mode,
        d1_0.processing_code,
        d1_0.transaction_amt,
        d1_0.transaction_id 
    from
        pending_auth_summary pas1_0 
    left join
        pending_auth_detail d1_0 
            on pas1_0.acct_id=d1_0.acct_id 
    where
        pas1_0.acct_id=? 
    order by
        d1_0.auth_ts desc
Hibernate: 
    insert 
    into
        pending_auth_summary
        (approved_auth_amt, approved_auth_cnt, auth_status, cash_balance, cash_limit, credit_balance, credit_limit, cust_id, declined_auth_amt, declined_auth_cnt, acct_id) 
    values
        (?, ?, ?, ?, ?, ?, ?, ?, ?, ?, ?)
Hibernate: 
    insert 
    into
        pending_auth_detail
        (acqr_country_code, approved_amt, auth_fraud, auth_id_code, auth_orig_date, auth_orig_time, auth_resp_code, auth_resp_reason, auth_ts, auth_type, card_expiry_date, card_num, fraud_rpt_date, match_status, merchant_category_code, merchant_city, merchant_id, merchant_name, merchant_state, merchant_zip, message_source, message_type, pos_entry_mode, processing_code, acct_id, transaction_amt, transaction_id, id) 
    values
        (?, ?, ?, ?, ?, ?, ?, ?, ?, ?, ?, ?, ?, ?, ?, ?, ?, ?, ?, ?, ?, ?, ?, ?, ?, ?, ?, default)
Hibernate: 
    select
        pad1_0.id,
        pad1_0.acqr_country_code,
        pad1_0.approved_amt,
        pad1_0.auth_fraud,
        pad1_0.auth_id_code,
        pad1_0.auth_orig_date,
        pad1_0.auth_orig_time,
        pad1_0.auth_resp_code,
        pad1_0.auth_resp_reason,
        pad1_0.auth_ts,
        pad1_0.auth_type,
        pad1_0.card_expiry_date,
        pad1_0.card_num,
        pad1_0.fraud_rpt_date,
        pad1_0.match_status,
        pad1_0.merchant_category_code,
        pad1_0.merchant_city,
        pad1_0.merchant_id,
        pad1_0.merchant_name,
        pad1_0.merchant_state,
        pad1_0.merchant_zip,
        pad1_0.message_source,
        pad1_0.message_type,
        pad1_0.pos_entry_mode,
        pad1_0.processing_code,
        pad1_0.acct_id,
        s1_0.acct_id,
        s1_0.approved_auth_amt,
        s1_0.approved_auth_cnt,
        s1_0.auth_status,
        s1_0.cash_balance,
        s1_0.cash_limit,
        s1_0.credit_balance,
        s1_0.credit_limit,
        s1_0.cust_id,
        s1_0.declined_auth_amt,
        s1_0.declined_auth_cnt,
        pad1_0.transaction_amt,
        pad1_0.transaction_id 
    from
        pending_auth_detail pad1_0 
    join
        pending_auth_summary s1_0 
            on s1_0.acct_id=pad1_0.acct_id 
    where
        pad1_0.id=?
Hibernate: 
    select
        af1_0.auth_ts,
        af1_0.card_num,
        af1_0.acct_id,
        af1_0.acqr_country_code,
        af1_0.approved_amt,
        af1_0.auth_fraud,
        af1_0.auth_id_code,
        af1_0.auth_resp_code,
        af1_0.auth_resp_reason,
        af1_0.auth_type,
        af1_0.card_expiry_date,
        af1_0.cust_id,
        af1_0.fraud_rpt_date,
        af1_0.match_status,
        af1_0.merchant_catagory_code,
        af1_0.merchant_city,
        af1_0.merchant_id,
        af1_0.merchant_name,
        af1_0.merchant_state,
        af1_0.merchant_zip,
        af1_0.message_source,
        af1_0.message_type,
        af1_0.pos_entry_mode,
        af1_0.processing_code,
        af1_0.transaction_amt,
        af1_0.transaction_id 
    from
        authfrds af1_0 
    where
        (
            af1_0.auth_ts, af1_0.card_num
        ) in ((?, ?))
Hibernate: 
    select
        af1_0.auth_ts,
        af1_0.card_num,
        af1_0.acct_id,
        af1_0.acqr_country_code,
        af1_0.approved_amt,
        af1_0.auth_fraud,
        af1_0.auth_id_code,
        af1_0.auth_resp_code,
        af1_0.auth_resp_reason,
        af1_0.auth_type,
        af1_0.card_expiry_date,
        af1_0.cust_id,
        af1_0.fraud_rpt_date,
        af1_0.match_status,
        af1_0.merchant_catagory_code,
        af1_0.merchant_city,
        af1_0.merchant_id,
        af1_0.merchant_name,
        af1_0.merchant_state,
        af1_0.merchant_zip,
        af1_0.message_source,
        af1_0.message_type,
        af1_0.pos_entry_mode,
        af1_0.processing_code,
        af1_0.transaction_amt,
        af1_0.transaction_id 
    from
        authfrds af1_0 
    where
        (
            af1_0.auth_ts, af1_0.card_num
        ) in ((?, ?))
Hibernate: 
    insert 
    into
        authfrds
        (acct_id, acqr_country_code, approved_amt, auth_fraud, auth_id_code, auth_resp_code, auth_resp_reason, auth_type, card_expiry_date, cust_id, fraud_rpt_date, match_status, merchant_catagory_code, merchant_city, merchant_id, merchant_name, merchant_state, merchant_zip, message_source, message_type, pos_entry_mode, processing_code, transaction_amt, transaction_id, auth_ts, card_num) 
    values
        (?, ?, ?, ?, ?, ?, ?, ?, ?, ?, ?, ?, ?, ?, ?, ?, ?, ?, ?, ?, ?, ?, ?, ?, ?, ?)
Hibernate: 
    update
        pending_auth_detail 
    set
        acqr_country_code=?,
        approved_amt=?,
        auth_fraud=?,
        auth_id_code=?,
        auth_orig_date=?,
        auth_orig_time=?,
        auth_resp_code=?,
        auth_resp_reason=?,
        auth_ts=?,
        auth_type=?,
        card_expiry_date=?,
        card_num=?,
        fraud_rpt_date=?,
        match_status=?,
        merchant_category_code=?,
        merchant_city=?,
        merchant_id=?,
        merchant_name=?,
        merchant_state=?,
        merchant_zip=?,
        message_source=?,
        message_type=?,
        pos_entry_mode=?,
        processing_code=?,
        acct_id=?,
        transaction_amt=?,
        transaction_id=? 
    where
        id=?
Hibernate: 
    select
        count(*) 
    from
        authfrds af1_0
Hibernate: 
    update
        pending_auth_detail 
    set
        acqr_country_code=?,
        approved_amt=?,
        auth_fraud=?,
        auth_id_code=?,
        auth_orig_date=?,
        auth_orig_time=?,
        auth_resp_code=?,
        auth_resp_reason=?,
        auth_ts=?,
        auth_type=?,
        card_expiry_date=?,
        card_num=?,
        fraud_rpt_date=?,
        match_status=?,
        merchant_category_code=?,
        merchant_city=?,
        merchant_id=?,
        merchant_name=?,
        merchant_state=?,
        merchant_zip=?,
        message_source=?,
        message_type=?,
        pos_entry_mode=?,
        processing_code=?,
        acct_id=?,
        transaction_amt=?,
        transaction_id=? 
    where
        id=?
Hibernate: 
    update
        authfrds 
    set
        acct_id=?,
        acqr_country_code=?,
        approved_amt=?,
        auth_fraud=?,
        auth_id_code=?,
        auth_resp_code=?,
        auth_resp_reason=?,
        auth_type=?,
        card_expiry_date=?,
        cust_id=?,
        fraud_rpt_date=?,
        match_status=?,
        merchant_catagory_code=?,
        merchant_city=?,
        merchant_id=?,
        merchant_name=?,
        merchant_state=?,
        merchant_zip=?,
        message_source=?,
        message_type=?,
        pos_entry_mode=?,
        processing_code=?,
        transaction_amt=?,
        transaction_id=? 
    where
        auth_ts=? 
        and card_num=?
Hibernate: 
    select
        count(*) 
    from
        authfrds af1_0
Hibernate: 
    update
        pending_auth_detail 
    set
        acqr_country_code=?,
        approved_amt=?,
        auth_fraud=?,
        auth_id_code=?,
        auth_orig_date=?,
        auth_orig_time=?,
        auth_resp_code=?,
        auth_resp_reason=?,
        auth_ts=?,
        auth_type=?,
        card_expiry_date=?,
        card_num=?,
        fraud_rpt_date=?,
        match_status=?,
        merchant_category_code=?,
        merchant_city=?,
        merchant_id=?,
        merchant_name=?,
        merchant_state=?,
        merchant_zip=?,
        message_source=?,
        message_type=?,
        pos_entry_mode=?,
        processing_code=?,
        acct_id=?,
        transaction_amt=?,
        transaction_id=? 
    where
        id=?
Hibernate: 
    update
        authfrds 
    set
        acct_id=?,
        acqr_country_code=?,
        approved_amt=?,
        auth_fraud=?,
        auth_id_code=?,
        auth_resp_code=?,
        auth_resp_reason=?,
        auth_type=?,
        card_expiry_date=?,
        cust_id=?,
        fraud_rpt_date=?,
        match_status=?,
        merchant_catagory_code=?,
        merchant_city=?,
        merchant_id=?,
        merchant_name=?,
        merchant_state=?,
        merchant_zip=?,
        message_source=?,
        message_type=?,
        pos_entry_mode=?,
        processing_code=?,
        transaction_amt=?,
        transaction_id=? 
    where
        auth_ts=? 
        and card_num=?
Hibernate: 
    select
        count(*) 
    from
        authfrds af1_0
]]></system-out>
  </testcase>
  <testcase name="toggleMarksFraudAndUpsertsRow" classname="com.carddemo.authorization.service.fraud.FraudServiceTest" time="0.011">
    <system-out><![CDATA[Hibernate: 
    select
        pas1_0.acct_id,
        pas1_0.approved_auth_amt,
        pas1_0.approved_auth_cnt,
        pas1_0.auth_status,
        pas1_0.cash_balance,
        pas1_0.cash_limit,
        pas1_0.credit_balance,
        pas1_0.credit_limit,
        pas1_0.cust_id,
        pas1_0.declined_auth_amt,
        pas1_0.declined_auth_cnt,
        d1_0.acct_id,
        d1_0.id,
        d1_0.acqr_country_code,
        d1_0.approved_amt,
        d1_0.auth_fraud,
        d1_0.auth_id_code,
        d1_0.auth_orig_date,
        d1_0.auth_orig_time,
        d1_0.auth_resp_code,
        d1_0.auth_resp_reason,
        d1_0.auth_ts,
        d1_0.auth_type,
        d1_0.card_expiry_date,
        d1_0.card_num,
        d1_0.fraud_rpt_date,
        d1_0.match_status,
        d1_0.merchant_category_code,
        d1_0.merchant_city,
        d1_0.merchant_id,
        d1_0.merchant_name,
        d1_0.merchant_state,
        d1_0.merchant_zip,
        d1_0.message_source,
        d1_0.message_type,
        d1_0.pos_entry_mode,
        d1_0.processing_code,
        d1_0.transaction_amt,
        d1_0.transaction_id 
    from
        pending_auth_summary pas1_0 
    left join
        pending_auth_detail d1_0 
            on pas1_0.acct_id=d1_0.acct_id 
    where
        pas1_0.acct_id=? 
    order by
        d1_0.auth_ts desc
Hibernate: 
    insert 
    into
        pending_auth_summary
        (approved_auth_amt, approved_auth_cnt, auth_status, cash_balance, cash_limit, credit_balance, credit_limit, cust_id, declined_auth_amt, declined_auth_cnt, acct_id) 
    values
        (?, ?, ?, ?, ?, ?, ?, ?, ?, ?, ?)
Hibernate: 
    insert 
    into
        pending_auth_detail
        (acqr_country_code, approved_amt, auth_fraud, auth_id_code, auth_orig_date, auth_orig_time, auth_resp_code, auth_resp_reason, auth_ts, auth_type, card_expiry_date, card_num, fraud_rpt_date, match_status, merchant_category_code, merchant_city, merchant_id, merchant_name, merchant_state, merchant_zip, message_source, message_type, pos_entry_mode, processing_code, acct_id, transaction_amt, transaction_id, id) 
    values
        (?, ?, ?, ?, ?, ?, ?, ?, ?, ?, ?, ?, ?, ?, ?, ?, ?, ?, ?, ?, ?, ?, ?, ?, ?, ?, ?, default)
Hibernate: 
    select
        pad1_0.id,
        pad1_0.acqr_country_code,
        pad1_0.approved_amt,
        pad1_0.auth_fraud,
        pad1_0.auth_id_code,
        pad1_0.auth_orig_date,
        pad1_0.auth_orig_time,
        pad1_0.auth_resp_code,
        pad1_0.auth_resp_reason,
        pad1_0.auth_ts,
        pad1_0.auth_type,
        pad1_0.card_expiry_date,
        pad1_0.card_num,
        pad1_0.fraud_rpt_date,
        pad1_0.match_status,
        pad1_0.merchant_category_code,
        pad1_0.merchant_city,
        pad1_0.merchant_id,
        pad1_0.merchant_name,
        pad1_0.merchant_state,
        pad1_0.merchant_zip,
        pad1_0.message_source,
        pad1_0.message_type,
        pad1_0.pos_entry_mode,
        pad1_0.processing_code,
        pad1_0.acct_id,
        s1_0.acct_id,
        s1_0.approved_auth_amt,
        s1_0.approved_auth_cnt,
        s1_0.auth_status,
        s1_0.cash_balance,
        s1_0.cash_limit,
        s1_0.credit_balance,
        s1_0.credit_limit,
        s1_0.cust_id,
        s1_0.declined_auth_amt,
        s1_0.declined_auth_cnt,
        pad1_0.transaction_amt,
        pad1_0.transaction_id 
    from
        pending_auth_detail pad1_0 
    join
        pending_auth_summary s1_0 
            on s1_0.acct_id=pad1_0.acct_id 
    where
        pad1_0.id=?
Hibernate: 
    select
        af1_0.auth_ts,
        af1_0.card_num,
        af1_0.acct_id,
        af1_0.acqr_country_code,
        af1_0.approved_amt,
        af1_0.auth_fraud,
        af1_0.auth_id_code,
        af1_0.auth_resp_code,
        af1_0.auth_resp_reason,
        af1_0.auth_type,
        af1_0.card_expiry_date,
        af1_0.cust_id,
        af1_0.fraud_rpt_date,
        af1_0.match_status,
        af1_0.merchant_catagory_code,
        af1_0.merchant_city,
        af1_0.merchant_id,
        af1_0.merchant_name,
        af1_0.merchant_state,
        af1_0.merchant_zip,
        af1_0.message_source,
        af1_0.message_type,
        af1_0.pos_entry_mode,
        af1_0.processing_code,
        af1_0.transaction_amt,
        af1_0.transaction_id 
    from
        authfrds af1_0 
    where
        (
            af1_0.auth_ts, af1_0.card_num
        ) in ((?, ?))
Hibernate: 
    select
        af1_0.auth_ts,
        af1_0.card_num,
        af1_0.acct_id,
        af1_0.acqr_country_code,
        af1_0.approved_amt,
        af1_0.auth_fraud,
        af1_0.auth_id_code,
        af1_0.auth_resp_code,
        af1_0.auth_resp_reason,
        af1_0.auth_type,
        af1_0.card_expiry_date,
        af1_0.cust_id,
        af1_0.fraud_rpt_date,
        af1_0.match_status,
        af1_0.merchant_catagory_code,
        af1_0.merchant_city,
        af1_0.merchant_id,
        af1_0.merchant_name,
        af1_0.merchant_state,
        af1_0.merchant_zip,
        af1_0.message_source,
        af1_0.message_type,
        af1_0.pos_entry_mode,
        af1_0.processing_code,
        af1_0.transaction_amt,
        af1_0.transaction_id 
    from
        authfrds af1_0 
    where
        (
            af1_0.auth_ts, af1_0.card_num
        ) in ((?, ?))
Hibernate: 
    insert 
    into
        authfrds
        (acct_id, acqr_country_code, approved_amt, auth_fraud, auth_id_code, auth_resp_code, auth_resp_reason, auth_type, card_expiry_date, cust_id, fraud_rpt_date, match_status, merchant_catagory_code, merchant_city, merchant_id, merchant_name, merchant_state, merchant_zip, message_source, message_type, pos_entry_mode, processing_code, transaction_amt, transaction_id, auth_ts, card_num) 
    values
        (?, ?, ?, ?, ?, ?, ?, ?, ?, ?, ?, ?, ?, ?, ?, ?, ?, ?, ?, ?, ?, ?, ?, ?, ?, ?)
Hibernate: 
    update
        pending_auth_detail 
    set
        acqr_country_code=?,
        approved_amt=?,
        auth_fraud=?,
        auth_id_code=?,
        auth_orig_date=?,
        auth_orig_time=?,
        auth_resp_code=?,
        auth_resp_reason=?,
        auth_ts=?,
        auth_type=?,
        card_expiry_date=?,
        card_num=?,
        fraud_rpt_date=?,
        match_status=?,
        merchant_category_code=?,
        merchant_city=?,
        merchant_id=?,
        merchant_name=?,
        merchant_state=?,
        merchant_zip=?,
        message_source=?,
        message_type=?,
        pos_entry_mode=?,
        processing_code=?,
        acct_id=?,
        transaction_amt=?,
        transaction_id=? 
    where
        id=?
Hibernate: 
    select
        count(*) 
    from
        authfrds af1_0
]]></system-out>
  </testcase>
  <testcase name="toggleTwiceRemovesFraud" classname="com.carddemo.authorization.service.fraud.FraudServiceTest" time="0.011">
    <system-out><![CDATA[Hibernate: 
    select
        pas1_0.acct_id,
        pas1_0.approved_auth_amt,
        pas1_0.approved_auth_cnt,
        pas1_0.auth_status,
        pas1_0.cash_balance,
        pas1_0.cash_limit,
        pas1_0.credit_balance,
        pas1_0.credit_limit,
        pas1_0.cust_id,
        pas1_0.declined_auth_amt,
        pas1_0.declined_auth_cnt,
        d1_0.acct_id,
        d1_0.id,
        d1_0.acqr_country_code,
        d1_0.approved_amt,
        d1_0.auth_fraud,
        d1_0.auth_id_code,
        d1_0.auth_orig_date,
        d1_0.auth_orig_time,
        d1_0.auth_resp_code,
        d1_0.auth_resp_reason,
        d1_0.auth_ts,
        d1_0.auth_type,
        d1_0.card_expiry_date,
        d1_0.card_num,
        d1_0.fraud_rpt_date,
        d1_0.match_status,
        d1_0.merchant_category_code,
        d1_0.merchant_city,
        d1_0.merchant_id,
        d1_0.merchant_name,
        d1_0.merchant_state,
        d1_0.merchant_zip,
        d1_0.message_source,
        d1_0.message_type,
        d1_0.pos_entry_mode,
        d1_0.processing_code,
        d1_0.transaction_amt,
        d1_0.transaction_id 
    from
        pending_auth_summary pas1_0 
    left join
        pending_auth_detail d1_0 
            on pas1_0.acct_id=d1_0.acct_id 
    where
        pas1_0.acct_id=? 
    order by
        d1_0.auth_ts desc
Hibernate: 
    insert 
    into
        pending_auth_summary
        (approved_auth_amt, approved_auth_cnt, auth_status, cash_balance, cash_limit, credit_balance, credit_limit, cust_id, declined_auth_amt, declined_auth_cnt, acct_id) 
    values
        (?, ?, ?, ?, ?, ?, ?, ?, ?, ?, ?)
Hibernate: 
    insert 
    into
        pending_auth_detail
        (acqr_country_code, approved_amt, auth_fraud, auth_id_code, auth_orig_date, auth_orig_time, auth_resp_code, auth_resp_reason, auth_ts, auth_type, card_expiry_date, card_num, fraud_rpt_date, match_status, merchant_category_code, merchant_city, merchant_id, merchant_name, merchant_state, merchant_zip, message_source, message_type, pos_entry_mode, processing_code, acct_id, transaction_amt, transaction_id, id) 
    values
        (?, ?, ?, ?, ?, ?, ?, ?, ?, ?, ?, ?, ?, ?, ?, ?, ?, ?, ?, ?, ?, ?, ?, ?, ?, ?, ?, default)
Hibernate: 
    select
        pad1_0.id,
        pad1_0.acqr_country_code,
        pad1_0.approved_amt,
        pad1_0.auth_fraud,
        pad1_0.auth_id_code,
        pad1_0.auth_orig_date,
        pad1_0.auth_orig_time,
        pad1_0.auth_resp_code,
        pad1_0.auth_resp_reason,
        pad1_0.auth_ts,
        pad1_0.auth_type,
        pad1_0.card_expiry_date,
        pad1_0.card_num,
        pad1_0.fraud_rpt_date,
        pad1_0.match_status,
        pad1_0.merchant_category_code,
        pad1_0.merchant_city,
        pad1_0.merchant_id,
        pad1_0.merchant_name,
        pad1_0.merchant_state,
        pad1_0.merchant_zip,
        pad1_0.message_source,
        pad1_0.message_type,
        pad1_0.pos_entry_mode,
        pad1_0.processing_code,
        pad1_0.acct_id,
        s1_0.acct_id,
        s1_0.approved_auth_amt,
        s1_0.approved_auth_cnt,
        s1_0.auth_status,
        s1_0.cash_balance,
        s1_0.cash_limit,
        s1_0.credit_balance,
        s1_0.credit_limit,
        s1_0.cust_id,
        s1_0.declined_auth_amt,
        s1_0.declined_auth_cnt,
        pad1_0.transaction_amt,
        pad1_0.transaction_id 
    from
        pending_auth_detail pad1_0 
    join
        pending_auth_summary s1_0 
            on s1_0.acct_id=pad1_0.acct_id 
    where
        pad1_0.id=?
Hibernate: 
    select
        af1_0.auth_ts,
        af1_0.card_num,
        af1_0.acct_id,
        af1_0.acqr_country_code,
        af1_0.approved_amt,
        af1_0.auth_fraud,
        af1_0.auth_id_code,
        af1_0.auth_resp_code,
        af1_0.auth_resp_reason,
        af1_0.auth_type,
        af1_0.card_expiry_date,
        af1_0.cust_id,
        af1_0.fraud_rpt_date,
        af1_0.match_status,
        af1_0.merchant_catagory_code,
        af1_0.merchant_city,
        af1_0.merchant_id,
        af1_0.merchant_name,
        af1_0.merchant_state,
        af1_0.merchant_zip,
        af1_0.message_source,
        af1_0.message_type,
        af1_0.pos_entry_mode,
        af1_0.processing_code,
        af1_0.transaction_amt,
        af1_0.transaction_id 
    from
        authfrds af1_0 
    where
        (
            af1_0.auth_ts, af1_0.card_num
        ) in ((?, ?))
Hibernate: 
    select
        af1_0.auth_ts,
        af1_0.card_num,
        af1_0.acct_id,
        af1_0.acqr_country_code,
        af1_0.approved_amt,
        af1_0.auth_fraud,
        af1_0.auth_id_code,
        af1_0.auth_resp_code,
        af1_0.auth_resp_reason,
        af1_0.auth_type,
        af1_0.card_expiry_date,
        af1_0.cust_id,
        af1_0.fraud_rpt_date,
        af1_0.match_status,
        af1_0.merchant_catagory_code,
        af1_0.merchant_city,
        af1_0.merchant_id,
        af1_0.merchant_name,
        af1_0.merchant_state,
        af1_0.merchant_zip,
        af1_0.message_source,
        af1_0.message_type,
        af1_0.pos_entry_mode,
        af1_0.processing_code,
        af1_0.transaction_amt,
        af1_0.transaction_id 
    from
        authfrds af1_0 
    where
        (
            af1_0.auth_ts, af1_0.card_num
        ) in ((?, ?))
Hibernate: 
    insert 
    into
        authfrds
        (acct_id, acqr_country_code, approved_amt, auth_fraud, auth_id_code, auth_resp_code, auth_resp_reason, auth_type, card_expiry_date, cust_id, fraud_rpt_date, match_status, merchant_catagory_code, merchant_city, merchant_id, merchant_name, merchant_state, merchant_zip, message_source, message_type, pos_entry_mode, processing_code, transaction_amt, transaction_id, auth_ts, card_num) 
    values
        (?, ?, ?, ?, ?, ?, ?, ?, ?, ?, ?, ?, ?, ?, ?, ?, ?, ?, ?, ?, ?, ?, ?, ?, ?, ?)
Hibernate: 
    update
        pending_auth_detail 
    set
        acqr_country_code=?,
        approved_amt=?,
        auth_fraud=?,
        auth_id_code=?,
        auth_orig_date=?,
        auth_orig_time=?,
        auth_resp_code=?,
        auth_resp_reason=?,
        auth_ts=?,
        auth_type=?,
        card_expiry_date=?,
        card_num=?,
        fraud_rpt_date=?,
        match_status=?,
        merchant_category_code=?,
        merchant_city=?,
        merchant_id=?,
        merchant_name=?,
        merchant_state=?,
        merchant_zip=?,
        message_source=?,
        message_type=?,
        pos_entry_mode=?,
        processing_code=?,
        acct_id=?,
        transaction_amt=?,
        transaction_id=? 
    where
        id=?
Hibernate: 
    update
        authfrds 
    set
        acct_id=?,
        acqr_country_code=?,
        approved_amt=?,
        auth_fraud=?,
        auth_id_code=?,
        auth_resp_code=?,
        auth_resp_reason=?,
        auth_type=?,
        card_expiry_date=?,
        cust_id=?,
        fraud_rpt_date=?,
        match_status=?,
        merchant_catagory_code=?,
        merchant_city=?,
        merchant_id=?,
        merchant_name=?,
        merchant_state=?,
        merchant_zip=?,
        message_source=?,
        message_type=?,
        pos_entry_mode=?,
        processing_code=?,
        transaction_amt=?,
        transaction_id=? 
    where
        auth_ts=? 
        and card_num=?
Hibernate: 
    select
        count(*) 
    from
        authfrds af1_0
]]></system-out>
  </testcase>
</testsuite>