<?xml version="1.0" encoding="UTF-8"?>
<testsuite xmlns:xsi="http://www.w3.org/2001/XMLSchema-instance" xsi:noNamespaceSchemaLocation="https://maven.apache.org/surefire/maven-surefire-plugin/xsd/surefire-test-report-3.0.xsd" version="3.0" name="com.carddemo.authorization.AuthorizationApplicationTests" time="1.124" tests="1" errors="0" skipped="0" failures="0">
  <properties>
[...]
</properties>
  <testcase name="contextLoads" classname="com.carddemo.authorization.AuthorizationApplicationTests" time="0.004">
    <system-out><![CDATA[2026-07-13T15:55:07.595Z  INFO 15921 --- [app-authorization-java] [           main] t.c.s.AnnotationConfigContextLoaderUtils : Could not detect default configuration classes for test class [com.carddemo.authorization.AuthorizationApplicationTests]: AuthorizationApplicationTests does not declare any static, non-private, non-final, nested classes annotated with @Configuration.
2026-07-13T15:55:07.603Z  INFO 15921 --- [app-authorization-java] [           main] .b.t.c.SpringBootTestContextBootstrapper : Found @SpringBootConfiguration com.carddemo.authorization.AuthorizationApplication for test class com.carddemo.authorization.AuthorizationApplicationTests

  .   ____          _            __ _ _
 /\\ / ___'_ __ _ _(_)_ __  __ _ \ \ \ \
( ( )\___ | '_ | '_| | '_ \/ _` | \ \ \ \
 \\/  ___)| |_)| | | | | || (_| |  ) ) ) )
  '  |____| .__|_| |_|_| |_\__, | / / / /
 =========|_|==============|___/=/_/_/_/
 :: Spring Boot ::                (v3.2.5)

2026-07-13T15:55:07.638Z  WARN 15921 --- [app-authorization-java] [           main] ory$DuplicateJsonObjectContextCustomizer : 

Found multiple occurrences of org.json.JSONObject on the class path:

	jar:file:/home/ubuntu/.m2/repository/org/json/json/20231013/json-20231013.jar!/org/json/JSONObject.class
	jar:file:/home/ubuntu/.m2/repository/com/vaadin/external/google/android-json/0.0.20131108.vaadin1/android-json-0.0.20131108.vaadin1.jar!/org/json/JSONObject.class

You may wish to exclude one of them to ensure predictable runtime behavior

2026-07-13T15:55:07.639Z  INFO 15921 --- [app-authorization-java] [           main] c.c.a.AuthorizationApplicationTests      : Starting AuthorizationApplicationTests using Java 17.0.19 with PID 15921 (started by ubuntu in /home/ubuntu/repos/aws-mainframe-modernization-carddemo/app/app-authorization-java)
2026-07-13T15:55:07.639Z  INFO 15921 --- [app-authorization-java] [           main] c.c.a.AuthorizationApplicationTests      : No active profile set, falling back to 1 default profile: "default"
2026-07-13T15:55:07.839Z  INFO 15921 --- [app-authorization-java] [           main] .s.d.r.c.RepositoryConfigurationDelegate : Bootstrapping Spring Data JPA repositories in DEFAULT mode.
2026-07-13T15:55:07.846Z  INFO 15921 --- [app-authorization-java] [           main] .s.d.r.c.RepositoryConfigurationDelegate : Finished Spring Data repository scanning in 7 ms. Found 3 JPA repository interfaces.
2026-07-13T15:55:07.957Z  INFO 15921 --- [app-authorization-java] [           main] o.hibernate.jpa.internal.util.LogHelper  : HHH000204: Processing PersistenceUnitInfo [name: default]
2026-07-13T15:55:07.958Z  INFO 15921 --- [app-authorization-java] [           main] o.h.c.internal.RegionFactoryInitiator    : HHH000026: Second-level cache disabled
2026-07-13T15:55:07.960Z  INFO 15921 --- [app-authorization-java] [           main] o.s.o.j.p.SpringPersistenceUnitInfo      : No LoadTimeWeaver setup: ignoring JPA class transformer
2026-07-13T15:55:07.961Z  INFO 15921 --- [app-authorization-java] [           main] com.zaxxer.hikari.HikariDataSource       : HikariPool-1 - Starting...
2026-07-13T15:55:07.967Z  INFO 15921 --- [app-authorization-java] [           main] com.zaxxer.hikari.pool.HikariPool        : HikariPool-1 - Added connection conn6: url=jdbc:h2:mem:carddemo user=SA
2026-07-13T15:55:07.969Z  INFO 15921 --- [app-authorization-java] [           main] com.zaxxer.hikari.HikariDataSource       : HikariPool-1 - Start completed.
2026-07-13T15:55:08.057Z  INFO 15921 --- [app-authorization-java] [           main] o.h.e.t.j.p.i.JtaPlatformInitiator       : HHH000489: No JTA platform available (set 'hibernate.transaction.jta.platform' to enable JTA platform integration)
2026-07-13T15:55:08.065Z  INFO 15921 --- [app-authorization-java] [           main] j.LocalContainerEntityManagerFactoryBean : Initialized JPA EntityManagerFactory for persistence unit 'default'
2026-07-13T15:55:08.211Z  INFO 15921 --- [app-authorization-java] [           main] o.apache.activemq.artemis.core.server    : AMQ221000: live Message Broker is starting with configuration Broker Configuration (clustered=false,journalDirectory=/tmp/artemis-data/journal,bindingsDirectory=data/bindings,largeMessagesDirectory=data/largemessages,pagingDirectory=data/paging)
2026-07-13T15:55:08.214Z  INFO 15921 --- [app-authorization-java] [           main] o.apache.activemq.artemis.core.server    : AMQ221045: libaio is not available, switching the configuration into NIO
2026-07-13T15:55:08.231Z  INFO 15921 --- [app-authorization-java] [           main] o.apache.activemq.artemis.core.server    : AMQ221057: Global Max Size is being adjusted to 1/2 of the JVM max size (-Xmx). being defined as 4208984064
2026-07-13T15:55:08.241Z  INFO 15921 --- [app-authorization-java] [           main] o.apache.activemq.artemis.core.server    : AMQ221043: Protocol module found: [artemis-server]. Adding protocol support for: CORE
2026-07-13T15:55:08.256Z  INFO 15921 --- [app-authorization-java] [           main] org.apache.activemq.audit.base           : AMQ601138: User anonymous@unknown is getting notification info on target resource: null
2026-07-13T15:55:08.256Z  INFO 15921 --- [app-authorization-java] [           main] org.apache.activemq.audit.base           : AMQ601019: User anonymous@unknown is getting mbean info on target resource: org.apache.activemq.artemis.core.management.impl.ActiveMQServerControlImpl@283c6f00
2026-07-13T15:55:08.256Z  INFO 15921 --- [app-authorization-java] [           main] org.apache.activemq.audit.base           : AMQ601138: User anonymous@unknown is getting notification info on target resource: ActiveMQServerImpl::name=localhost
2026-07-13T15:55:08.262Z  INFO 15921 --- [app-authorization-java] [           main] o.apache.activemq.artemis.core.server    : AMQ224092: Despite disabled persistence, page files will be persisted.
2026-07-13T15:55:08.266Z  INFO 15921 --- [app-authorization-java] [           main] o.apache.activemq.artemis.core.server    : AMQ221080: Deploying address DLQ supporting [ANYCAST]
2026-07-13T15:55:08.268Z  INFO 15921 --- [app-authorization-java] [           main] org.apache.activemq.audit.base           : AMQ601019: User anonymous@unknown is getting mbean info on target resource: org.apache.activemq.artemis.core.management.impl.AddressControlImpl@125c443
2026-07-13T15:55:08.269Z  INFO 15921 --- [app-authorization-java] [           main] o.apache.activemq.artemis.core.server    : AMQ221003: Deploying ANYCAST queue DLQ on address DLQ
2026-07-13T15:55:08.311Z  INFO 15921 --- [app-authorization-java] [           main] org.apache.activemq.audit.base           : AMQ601019: User anonymous@unknown is getting mbean info on target resource: org.apache.activemq.artemis.core.management.impl.QueueControlImpl@431782fe
2026-07-13T15:55:08.312Z  INFO 15921 --- [app-authorization-java] [           main] o.apache.activemq.artemis.core.server    : AMQ221080: Deploying address ExpiryQueue supporting [ANYCAST]
2026-07-13T15:55:08.312Z  INFO 15921 --- [app-authorization-java] [           main] org.apache.activemq.audit.base           : AMQ601019: User anonymous@unknown is getting mbean info on target resource: org.apache.activemq.artemis.core.management.impl.AddressControlImpl@6e16fcaf
2026-07-13T15:55:08.312Z  INFO 15921 --- [app-authorization-java] [           main] o.apache.activemq.artemis.core.server    : AMQ221003: Deploying ANYCAST queue ExpiryQueue on address ExpiryQueue
2026-07-13T15:55:08.312Z  INFO 15921 --- [app-authorization-java] [           main] org.apache.activemq.audit.base           : AMQ601019: User anonymous@unknown is getting mbean info on target resource: org.apache.activemq.artemis.core.management.impl.QueueControlImpl@2680474c
2026-07-13T15:55:08.313Z  INFO 15921 --- [app-authorization-java] [           main] org.apache.activemq.audit.base           : AMQ601019: User anonymous@unknown is getting mbean info on target resource: org.apache.activemq.artemis.core.management.impl.AddressControlImpl@4b0a6c53
2026-07-13T15:55:08.339Z  INFO 15921 --- [app-authorization-java] [           main] org.apache.activemq.audit.base           : AMQ601019: User anonymous@unknown is getting mbean info on target resource: org.apache.activemq.artemis.core.management.impl.AcceptorControlImpl@5f45abe6
2026-07-13T15:55:08.344Z  INFO 15921 --- [app-authorization-java] [           main] o.apache.activemq.artemis.core.server    : AMQ221007: Server is now live
2026-07-13T15:55:08.344Z  INFO 15921 --- [app-authorization-java] [           main] o.apache.activemq.artemis.core.server    : AMQ221001: Apache ActiveMQ Artemis Message Broker version 2.31.2 [localhost, nodeID=38d81364-7ed3-11f1-80c2-0600ac100902] 
2026-07-13T15:55:08.594Z  INFO 15921 --- [app-authorization-java] [           main] o.s.b.a.h2.H2ConsoleAutoConfiguration    : H2 console available at '/h2-console'. Database available at 'jdbc:h2:mem:carddemo'
2026-07-13T15:55:08.641Z  INFO 15921 --- [app-authorization-java] [           main] org.apache.activemq.audit.resource       : AMQ601767: CORE connection 3918ecf9-7ed3-11f1-80c2-0600ac100902 for user unknown@invm:0 created
2026-07-13T15:55:08.678Z  INFO 15921 --- [app-authorization-java] [mpl$6@7416b560)] org.apache.activemq.audit.base           : AMQ601267: User anonymous@invm:0 is creating a core session on target resource ActiveMQServerImpl::name=localhost with parameters: [391f2e8c-7ed3-11f1-80c2-0600ac100902, null, ****, 102400, RemotingConnectionImpl [ID=3918ecf9-7ed3-11f1-80c2-0600ac100902, clientID=null, nodeID=38d81364-7ed3-11f1-80c2-0600ac100902, transportConnection=InVMConnection [serverID=0, id=3918ecf9-7ed3-11f1-80c2-0600ac100902]], false, false, false, false, null, org.apache.activemq.artemis.core.protocol.core.impl.CoreSessionCallback@5716668f, true, {}]
2026-07-13T15:55:08.706Z  INFO 15921 --- [app-authorization-java] [           main] c.c.a.AuthorizationApplicationTests      : Started AuthorizationApplicationTests in 1.097 seconds (process running for 3.849)
2026-07-13T15:55:08.706Z  INFO 15921 --- [app-authorization-java] [mpl$6@7416b560)] org.apache.activemq.audit.base           : AMQ601267: User anonymous@invm:0 is creating a core session on target resource ActiveMQServerImpl::name=localhost with parameters: [3922b0fd-7ed3-11f1-80c2-0600ac100902, null, ****, 102400, RemotingConnectionImpl [ID=3918ecf9-7ed3-11f1-80c2-0600ac100902, clientID=null, nodeID=38d81364-7ed3-11f1-80c2-0600ac100902, transportConnection=InVMConnection [serverID=0, id=3918ecf9-7ed3-11f1-80c2-0600ac100902]], false, false, false, false, null, org.apache.activemq.artemis.core.protocol.core.impl.CoreSessionCallback@36708eac, true, {}]
]]></system-out>
  </testcase>
</testsuite>